AmifChating/build/outputs/logs/manifest-merger-debug-report.txt
-- Merging decision tree log ---
manifest
ADDED from src\main\AndroidManifest.xml:2:1-109:12
	package
		ADDED from src\main\AndroidManifest.xml:2:11-46
		INJECTED from src\main\AndroidManifest.xml
		INJECTED from src\main\AndroidManifest.xml
	android:versionName
		INJECTED from src\main\AndroidManifest.xml
		INJECTED from src\main\AndroidManifest.xml
	xmlns:android
		ADDED from src\main\AndroidManifest.xml:3:5-63
	android:versionCode
		INJECTED from src\main\AndroidManifest.xml
		INJECTED from src\main\AndroidManifest.xml
uses-feature#android.hardware.camera
ADDED from src\main\AndroidManifest.xml:5:5-7:36
	android:required
		ADDED from src\main\AndroidManifest.xml:7:9-33
	android:name
		ADDED from src\main\AndroidManifest.xml:6:9-47
uses-permission#android.permission.INTERNET
ADDED from src\main\AndroidManifest.xml:9:5-67
MERGED from [net.hockeyapp.android:HockeySDK:4.0.1] AndroidManifest.xml:12:5-67
	android:name
		ADDED from src\main\AndroidManifest.xml:9:22-64
uses-permission#android.permission.ACCESS_NETWORK_STATE
ADDED from src\main\AndroidManifest.xml:10:5-79
MERGED from [net.hockeyapp.android:HockeySDK:4.0.1] AndroidManifest.xml:11:5-79
	android:name
		ADDED from src\main\AndroidManifest.xml:10:22-76
uses-permission#android.permission.WAKE_LOCK
ADDED from src\main\AndroidManifest.xml:11:5-68
	android:name
		ADDED from src\main\AndroidManifest.xml:11:22-65
uses-permission#android.permission.VIBRATE
ADDED from src\main\AndroidManifest.xml:12:5-66
	android:name
		ADDED from src\main\AndroidManifest.xml:12:22-63
uses-permission#android.permission.GET_ACCOUNTS
ADDED from src\main\AndroidManifest.xml:13:5-71
	android:name
		ADDED from src\main\AndroidManifest.xml:13:22-68
uses-permission#com.google.android.c2dm.permission.RECEIVE
ADDED from src\main\AndroidManifest.xml:14:5-82
	android:name
		ADDED from src\main\AndroidManifest.xml:14:22-79
uses-permission#android.permission.WRITE_EXTERNAL_STORAGE
ADDED from src\main\AndroidManifest.xml:15:5-81
MERGED from [net.hockeyapp.android:HockeySDK:4.0.1] AndroidManifest.xml:13:5-81
	android:name
		ADDED from src\main\AndroidManifest.xml:15:22-78
permission#com.badoo.chateau.example.permission.C2D_MESSAGE
ADDED from src\main\AndroidManifest.xml:21:5-23:47
	android:protectionLevel
		ADDED from src\main\AndroidManifest.xml:23:9-44
	android:name
		ADDED from src\main\AndroidManifest.xml:22:9-72
uses-permission#com.badoo.chateau.example.permission.C2D_MESSAGE
ADDED from src\main\AndroidManifest.xml:25:5-88
	android:name
		ADDED from src\main\AndroidManifest.xml:25:22-85
application
ADDED from src\main\AndroidManifest.xml:27:5-107:19
MERGED from [com.android.support:appcompat-v7:23.1.1] AndroidManifest.xml:22:5-20
MERGED from [com.android.support:support-v4:23.1.1] AndroidManifest.xml:22:5-20
MERGED from [com.android.support:appcompat-v7:23.1.1] AndroidManifest.xml:22:5-20
MERGED from [com.android.support:support-v4:23.1.1] AndroidManifest.xml:22:5-20
MERGED from [com.android.support:support-v4:23.1.1] AndroidManifest.xml:22:5-20
MERGED from [com.android.support:appcompat-v7:23.1.1] AndroidManifest.xml:22:5-20
MERGED from [com.android.support:support-v4:23.1.1] AndroidManifest.xml:22:5-20
MERGED from [com.android.support:support-v4:23.1.1] AndroidManifest.xml:22:5-20
MERGED from [com.android.support:design:23.1.1] AndroidManifest.xml:22:5-20
MERGED from [com.android.support:appcompat-v7:23.1.1] AndroidManifest.xml:22:5-20
MERGED from [com.android.support:support-v4:23.1.1] AndroidManifest.xml:22:5-20
MERGED from [com.android.support:support-v4:23.1.1] AndroidManifest.xml:22:5-20
MERGED from [com.android.support:support-v4:23.1.1] AndroidManifest.xml:22:5-20
MERGED from [com.android.support:appcompat-v7:23.1.1] AndroidManifest.xml:22:5-20
MERGED from [com.android.support:support-v4:23.1.1] AndroidManifest.xml:22:5-20
MERGED from [com.android.support:appcompat-v7:23.1.1] AndroidManifest.xml:22:5-20
MERGED from [com.android.support:support-v4:23.1.1] AndroidManifest.xml:22:5-20
MERGED from [com.android.support:support-v4:23.1.1] AndroidManifest.xml:22:5-20
MERGED from [com.android.support:appcompat-v7:23.1.1] AndroidManifest.xml:22:5-20
MERGED from [com.android.support:support-v4:23.1.1] AndroidManifest.xml:22:5-20
MERGED from [com.android.support:support-v4:23.1.1] AndroidManifest.xml:22:5-20
MERGED from [com.android.support:design:23.1.1] AndroidManifest.xml:22:5-20
MERGED from [com.android.support:appcompat-v7:23.1.1] AndroidManifest.xml:22:5-20
MERGED from [com.android.support:support-v4:23.1.1] AndroidManifest.xml:22:5-20
MERGED from [com.android.support:support-v4:23.1.1] AndroidManifest.xml:22:5-20
MERGED from [com.android.support:support-v4:23.1.1] AndroidManifest.xml:22:5-20
MERGED from [net.hockeyapp.android:HockeySDK:4.0.1] AndroidManifest.xml:15:5-21:19
MERGED from [com.google.android.gms:play-services-appindexing:8.1.0] AndroidManifest.xml:19:5-20
MERGED from [com.google.android.gms:play-services-basement:8.1.0] AndroidManifest.xml:20:5-24:19
MERGED from [com.android.support:support-v4:23.1.1] AndroidManifest.xml:22:5-20
	android:label
		ADDED from src\main\AndroidManifest.xml:31:9-41
	android:supportsRtl
		ADDED from src\main\AndroidManifest.xml:32:9-35
	android:allowBackup
		ADDED from src\main\AndroidManifest.xml:29:9-35
	android:icon
		ADDED from src\main\AndroidManifest.xml:30:9-45
	android:theme
		ADDED from src\main\AndroidManifest.xml:33:9-40
	android:name
		ADDED from src\main\AndroidManifest.xml:28:9-39
activity#com.badoo.chateau.example.ui.LandingActivity
ADDED from src\main\AndroidManifest.xml:35:9-43:20
	android:label
		ADDED from src\main\AndroidManifest.xml:37:13-45
	android:theme
		ADDED from src\main\AndroidManifest.xml:38:13-72
	android:name
		ADDED from src\main\AndroidManifest.xml:36:13-47
intent-filter#android.intent.action.MAIN+android.intent.category.LAUNCHER
ADDED from src\main\AndroidManifest.xml:39:13-42:29
action#android.intent.action.MAIN
ADDED from src\main\AndroidManifest.xml:40:17-69
	android:name
		ADDED from src\main\AndroidManifest.xml:40:25-66
category#android.intent.category.LAUNCHER
ADDED from src\main\AndroidManifest.xml:41:17-77
	android:name
		ADDED from src\main\AndroidManifest.xml:41:27-74
activity#com.badoo.chateau.example.ui.session.register.RegisterActivity
ADDED from src\main\AndroidManifest.xml:45:9-49:57
	android:label
		ADDED from src\main\AndroidManifest.xml:47:13-60
	android:windowSoftInputMode
		ADDED from src\main\AndroidManifest.xml:49:13-54
	android:theme
		ADDED from src\main\AndroidManifest.xml:48:13-51
	android:name
		ADDED from src\main\AndroidManifest.xml:46:13-65
activity#com.badoo.chateau.example.ui.session.login.LoginActivity
ADDED from src\main\AndroidManifest.xml:51:9-55:57
	android:label
		ADDED from src\main\AndroidManifest.xml:53:13-57
	android:windowSoftInputMode
		ADDED from src\main\AndroidManifest.xml:55:13-54
	android:theme
		ADDED from src\main\AndroidManifest.xml:54:13-51
	android:name
		ADDED from src\main\AndroidManifest.xml:52:13-59
activity#com.badoo.chateau.example.ui.conversations.list.ConversationListActivity
ADDED from src\main\AndroidManifest.xml:57:9-59:54
	android:theme
		ADDED from src\main\AndroidManifest.xml:59:13-51
	android:name
		ADDED from src\main\AndroidManifest.xml:58:13-75
activity#com.badoo.chateau.example.ui.conversations.create.selectusers.SelectUserActivity
ADDED from src\main\AndroidManifest.xml:61:9-67:20
	android:label
		ADDED from src\main\AndroidManifest.xml:63:13-64
	android:name
		ADDED from src\main\AndroidManifest.xml:62:13-83
meta-data#android.support.PARENT_ACTIVITY
ADDED from src\main\AndroidManifest.xml:64:13-66:83
	android:value
		ADDED from src\main\AndroidManifest.xml:66:17-80
	android:name
		ADDED from src\main\AndroidManifest.xml:65:17-63
activity#com.badoo.chateau.example.ui.conversations.create.namegroup.NameGroupActivity
ADDED from src\main\AndroidManifest.xml:69:9-73:20
	android:name
		ADDED from src\main\AndroidManifest.xml:69:19-86
activity#com.badoo.chateau.example.ui.chat.ChatActivity
ADDED from src\main\AndroidManifest.xml:75:9-58
	android:name
		ADDED from src\main\AndroidManifest.xml:75:19-55
activity#com.badoo.chateau.example.ui.chat.FullScreenImageActivity
ADDED from src\main\AndroidManifest.xml:76:9-78:83
	android:theme
		ADDED from src\main\AndroidManifest.xml:78:13-80
	android:name
		ADDED from src\main\AndroidManifest.xml:77:13-60
service#com.badoo.chateau.example.data.repos.messages.ImageUploadService
ADDED from src\main\AndroidManifest.xml:80:9-75
	android:name
		ADDED from src\main\AndroidManifest.xml:80:18-72
service#com.parse.PushService
ADDED from src\main\AndroidManifest.xml:81:9-57
	android:name
		ADDED from src\main\AndroidManifest.xml:81:18-54
receiver#com.badoo.chateau.example.PushReceiver
ADDED from src\main\AndroidManifest.xml:83:9-91:20
	android:exported
		ADDED from src\main\AndroidManifest.xml:85:13-37
	android:name
		ADDED from src\main\AndroidManifest.xml:84:13-41
intent-filter#com.parse.push.intent.DELETE+com.parse.push.intent.OPEN+com.parse.push.intent.RECEIVE
ADDED from src\main\AndroidManifest.xml:86:13-90:29
action#com.parse.push.intent.RECEIVE
ADDED from src\main\AndroidManifest.xml:87:17-72
	android:name
		ADDED from src\main\AndroidManifest.xml:87:25-69
action#com.parse.push.intent.DELETE
ADDED from src\main\AndroidManifest.xml:88:17-71
	android:name
		ADDED from src\main\AndroidManifest.xml:88:25-68
action#com.parse.push.intent.OPEN
ADDED from src\main\AndroidManifest.xml:89:17-69
	android:name
		ADDED from src\main\AndroidManifest.xml:89:25-66
receiver#com.parse.GcmBroadcastReceiver
ADDED from src\main\AndroidManifest.xml:92:9-101:20
	android:permission
		ADDED from src\main\AndroidManifest.xml:94:13-73
	android:name
		ADDED from src\main\AndroidManifest.xml:93:13-58
intent-filter#com.badoo.chateau.example+com.google.android.c2dm.intent.RECEIVE+com.google.android.c2dm.intent.REGISTRATION
ADDED from src\main\AndroidManifest.xml:95:13-100:29
action#com.google.android.c2dm.intent.RECEIVE
ADDED from src\main\AndroidManifest.xml:96:17-81
	android:name
		ADDED from src\main\AndroidManifest.xml:96:25-78
action#com.google.android.c2dm.intent.REGISTRATION
ADDED from src\main\AndroidManifest.xml:97:17-86
	android:name
		ADDED from src\main\AndroidManifest.xml:97:25-83
category#com.badoo.chateau.example
ADDED from src\main\AndroidManifest.xml:99:17-70
	android:name
		ADDED from src\main\AndroidManifest.xml:99:27-67
meta-data#com.google.android.gms.version
ADDED from src\main\AndroidManifest.xml:103:9-105:69
MERGED from [com.google.android.gms:play-services-basement:8.1.0] AndroidManifest.xml:21:9-23:69
	android:value
		ADDED from src\main\AndroidManifest.xml:105:13-66
	android:name
		ADDED from src\main\AndroidManifest.xml:104:13-58
uses-sdk
INJECTED from src\main\AndroidManifest.xml reason: use-sdk injection requested
MERGED from [com.badoo.chateau:Chateau:1.0.0-preview1] AndroidManifest.xml:6:5-8:41
MERGED from [com.badoo.chateau:ChateauCore:1.0.0-preview1] AndroidManifest.xml:6:5-8:41
MERGED from [com.badoo.chateau:Amif:1.0.0-preview1] AndroidManifest.xml:6:5-8:41
MERGED from [com.android.support:appcompat-v7:23.1.1] AndroidManifest.xml:20:5-43
MERGED from [com.android.support:support-v4:23.1.1] AndroidManifest.xml:20:5-43
MERGED from [io.reactivex:rxandroid:1.1.0] AndroidManifest.xml:19:5-43
MERGED from [com.android.support:appcompat-v7:23.1.1] AndroidManifest.xml:20:5-43
MERGED from [com.android.support:support-v4:23.1.1] AndroidManifest.xml:20:5-43
MERGED from [com.android.support:recyclerview-v7:23.1.1] AndroidManifest.xml:20:5-43
MERGED from [com.android.support:support-v4:23.1.1] AndroidManifest.xml:20:5-43
MERGED from [com.android.support:appcompat-v7:23.1.1] AndroidManifest.xml:20:5-43
MERGED from [com.android.support:support-v4:23.1.1] AndroidManifest.xml:20:5-43
MERGED from [com.android.support:recyclerview-v7:23.1.1] AndroidManifest.xml:20:5-43
MERGED from [com.android.support:support-v4:23.1.1] AndroidManifest.xml:20:5-43
MERGED from [com.android.support:design:23.1.1] AndroidManifest.xml:20:5-43
MERGED from [com.android.support:appcompat-v7:23.1.1] AndroidManifest.xml:20:5-43
MERGED from [com.android.support:support-v4:23.1.1] AndroidManifest.xml:20:5-43
MERGED from [com.android.support:recyclerview-v7:23.1.1] AndroidManifest.xml:20:5-43
MERGED from [com.android.support:support-v4:23.1.1] AndroidManifest.xml:20:5-43
MERGED from [com.android.support:support-v4:23.1.1] AndroidManifest.xml:20:5-43
MERGED from [com.facebook.fresco:fresco:0.9.0] AndroidManifest.xml:5:5-7:41
MERGED from [com.facebook.fresco:drawee:0.9.0] AndroidManifest.xml:5:5-7:41
MERGED from [com.facebook.fresco:fbcore:0.9.0] AndroidManifest.xml:5:5-7:41
MERGED from [com.facebook.fresco:fbcore:0.9.0] AndroidManifest.xml:5:5-7:41
MERGED from [com.facebook.fresco:imagepipeline:0.9.0] AndroidManifest.xml:5:5-7:41
MERGED from [com.facebook.fresco:fbcore:0.9.0] AndroidManifest.xml:5:5-7:41
MERGED from [com.facebook.fresco:imagepipeline-base:0.9.0] AndroidManifest.xml:5:5-7:41
MERGED from [com.facebook.fresco:fbcore:0.9.0] AndroidManifest.xml:5:5-7:41
MERGED from [com.badoo.chateau:ChateauExtras:1.0.0-preview1] AndroidManifest.xml:6:5-8:41
MERGED from [com.badoo.chateau:Amif:1.0.0-preview1] AndroidManifest.xml:6:5-8:41
MERGED from [com.android.support:appcompat-v7:23.1.1] AndroidManifest.xml:20:5-43
MERGED from [com.android.support:support-v4:23.1.1] AndroidManifest.xml:20:5-43
MERGED from [io.reactivex:rxandroid:1.1.0] AndroidManifest.xml:19:5-43
MERGED from [com.android.support:appcompat-v7:23.1.1] AndroidManifest.xml:20:5-43
MERGED from [com.android.support:support-v4:23.1.1] AndroidManifest.xml:20:5-43
MERGED from [com.android.support:recyclerview-v7:23.1.1] AndroidManifest.xml:20:5-43
MERGED from [com.android.support:support-v4:23.1.1] AndroidManifest.xml:20:5-43
MERGED from [com.android.support:appcompat-v7:23.1.1] AndroidManifest.xml:20:5-43
MERGED from [com.android.support:support-v4:23.1.1] AndroidManifest.xml:20:5-43
MERGED from [com.android.support:recyclerview-v7:23.1.1] AndroidManifest.xml:20:5-43
MERGED from [com.android.support:support-v4:23.1.1] AndroidManifest.xml:20:5-43
MERGED from [com.android.support:design:23.1.1] AndroidManifest.xml:20:5-43
MERGED from [com.android.support:appcompat-v7:23.1.1] AndroidManifest.xml:20:5-43
MERGED from [com.android.support:support-v4:23.1.1] AndroidManifest.xml:20:5-43
MERGED from [com.android.support:recyclerview-v7:23.1.1] AndroidManifest.xml:20:5-43
MERGED from [com.android.support:support-v4:23.1.1] AndroidManifest.xml:20:5-43
MERGED from [com.android.support:support-v4:23.1.1] AndroidManifest.xml:20:5-43
MERGED from [net.hockeyapp.android:HockeySDK:4.0.1] AndroidManifest.xml:7:5-9:41
MERGED from [com.google.android.gms:play-services-appindexing:8.1.0] AndroidManifest.xml:18:5-42
MERGED from [com.google.android.gms:play-services-basement:8.1.0] AndroidManifest.xml:18:5-42
MERGED from [com.android.support:support-v4:23.1.1] AndroidManifest.xml:20:5-43
	android:targetSdkVersion
		INJECTED from src\main\AndroidManifest.xml
		INJECTED from src\main\AndroidManifest.xml
	android:minSdkVersion
		INJECTED from src\main\AndroidManifest.xml
		INJECTED from src\main\AndroidManifest.xml
activity#net.hockeyapp.android.UpdateActivity
ADDED from [net.hockeyapp.android:HockeySDK:4.0.1] AndroidManifest.xml:16:9-73
	android:name
		ADDED from [net.hockeyapp.android:HockeySDK:4.0.1] AndroidManifest.xml:16:19-70
activity#net.hockeyapp.android.FeedbackActivity
ADDED from [net.hockeyapp.android:HockeySDK:4.0.1] AndroidManifest.xml:17:9-75
	android:name
		ADDED from [net.hockeyapp.android:HockeySDK:4.0.1] AndroidManifest.xml:17:19-72
activity#net.hockeyapp.android.PaintActivity
ADDED from [net.hockeyapp.android:HockeySDK:4.0.1] AndroidManifest.xml:18:9-72
	android:name
		ADDED from [net.hockeyapp.android:HockeySDK:4.0.1] AndroidManifest.xml:18:19-69
activity#net.hockeyapp.android.LoginActivity
ADDED from [net.hockeyapp.android:HockeySDK:4.0.1] AndroidManifest.xml:19:9-72
	android:name
		ADDED from [net.hockeyapp.android:HockeySDK:4.0.1] AndroidManifest.xml:19:19-69
activity#net.hockeyapp.android.ExpiryInfoActivity
ADDED from [net.hockeyapp.android:HockeySDK:4.0.1] AndroidManifest.xml:20:9-77
	android:name
		ADDED from [net.hockeyapp.android:HockeySDK:4.0.1] AndroidManifest.xml:20:19-74